<?xml version="1.0" encoding="UTF-8"?>
<testsuite xmlns:xsi="http://www.w3.org/2001/XMLSchema-instance" xsi:noNamespaceSchemaLocation="https://maven.apache.org/surefire/maven-surefire-plugin/xsd/surefire-test-report-3.0.xsd" version="3.0" name="kinopoisk.ru.AccountTests" time="27.31" tests="3" errors="1" skipped="0" failures="0">
  <properties>
[...]
</properties>
  <testcase name="subscriptionButtonIsWorking" classname="kinopoisk.ru.AccountTests" time="6.95">
    <system-out><![CDATA[Test successful
]]></system-out>
    <system-err><![CDATA[1713981183360	geckodriver	INFO	Listening on 127.0.0.1:36189
1713981183533	mozrunner::runner	INFO	Running command: "C:\\Program Files\\Mozilla Firefox\\firefox.exe" "--marionette" "--remote-debugging-port" "10465" "--remote-allow-hosts" "localhost" "--remote-allow-origins" "http://127.0.0.1:10465/,http://localhost:10465/,http://[::1]:10465/" "-no-remote" "-profile" "C:\\Users\\Ivan\\AppData\\Local\\Temp\\rust_mozprofileYzYrbL"
console.warn: services.settings: Ignoring preference override of remote settings server
console.warn: services.settings: Allow by setting MOZ_REMOTE_SETTINGS_DEVTOOLS=1 in the environment
Dynamically enable window occlusion 0
1713981183741	Marionette	INFO	Marionette enabled
1713981183786	Marionette	INFO	Listening on port 53548
WebDriver BiDi listening on ws://127.0.0.1:10465
Read port: 53548
1713981183905	RemoteAgent	WARN	TLS certificate errors will be ignored for this session
DevTools listening on ws://127.0.0.1:10465/devtools/browser/7a7d6be6-55ce-4c26-95ce-338a65383b6d
1713981185712	Marionette	WARN	Ignoring event 'DOMContentLoaded' because document has an invalid readyState of 'complete'.
1713981185831	Marionette	WARN	Ignoring event 'DOMContentLoaded' because document has an invalid readyState of 'complete'.
console.warn: LoginRecipes: "Falling back to a synchronous message for: https://passport.yandex.ru."
console.warn: LoginRecipes: "Falling back to a synchronous message for: https://passport.yandex.ru."
1713981188202	RemoteAgent	INFO	Perform WebSocket upgrade for incoming connection from 127.0.0.1:53641
1713981188205	CDP	WARN	Support for the Chrome DevTools Protocol (CDP) in Firefox will be deprecated after Firefox 128 (ESR) and will be removed in a later release. CDP users should consider migrating to WebDriver BiDi. See https://bugzilla.mozilla.org/show_bug.cgi?id=1872254
1713981188205	CDP	WARN	Invalid browser preferences for CDP. Set "fission.webContentIsolationStrategy"to 0 and "fission.bfcacheInParent" to false before Firefox starts.
1713981188229	Marionette	INFO	Stopped listening on port 53548
JavaScript warning: https://passport.yandex.ru/auth?origin=kinopoisk&retpath=https%3A%2F%2Fsso.passport.yandex.ru%2Fpush%3Fretpath%3Dhttps%253A%252F%252Fwww.kinopoisk.ru%252F%26uuid%3D7a6ea1cc-cfe3-4c8b-b56b-3e1d5ba138ff, line 27: Script terminated by timeout at:
e.getSetting@https://passport.yandex.ru/auth?origin=kinopoisk&retpath=https%3A%2F%2Fsso.passport.yandex.ru%2Fpush%3Fretpath%3Dhttps%253A%252F%252Fwww.kinopoisk.ru%252F%26uuid%3D7a6ea1cc-cfe3-4c8b-b56b-3e1d5ba138ff:27:125
n@https://passport.yandex.ru/auth?origin=kinopoisk&retpath=https%3A%2F%2Fsso.passport.yandex.ru%2Fpush%3Fretpath%3Dhttps%253A%252F%252Fwww.kinopoisk.ru%252F%26uuid%3D7a6ea1cc-cfe3-4c8b-b56b-3e1d5ba138ff:26:63

Dynamically enable window occlusion 1
]]></system-err>
  </testcase>
  <testcase name="failedPhoneInput" classname="kinopoisk.ru.AccountTests" time="13.096">
    <error message="Unable to locate element: .styles_loginButton__LWZQp&#10;For documentation on this error, please visit: https://selenium.dev/exceptions/#no_such_element&#10;Build info: version: &apos;4.9.0&apos;, revision: &apos;d7057100a6&apos;&#10;System info: os.name: &apos;Windows 10&apos;, os.arch: &apos;amd64&apos;, os.version: &apos;10.0&apos;, java.version: &apos;21.0.1&apos;&#10;Driver info: org.openqa.selenium.firefox.FirefoxDriver&#10;Command: [54b3ec1a-fb2e-469f-b6f1-4813e78a6ab0, findElement {using=css selector, value=.styles_loginButton__LWZQp}]&#10;Capabilities {acceptInsecureCerts: true, browserName: firefox, browserVersion: 125.0.2, moz:accessibilityChecks: false, moz:buildID: 20240419144423, moz:debuggerAddress: 127.0.0.1:48626, moz:geckodriverVersion: 0.31.0, moz:headless: false, moz:platformVersion: 10.0, moz:processID: 1916, moz:profile: C:\Users\Ivan\AppData\Local..., moz:shutdownTimeout: 60000, moz:webdriverClick: true, moz:windowless: false, pageLoadStrategy: normal, platformName: WINDOWS, proxy: Proxy(), se:cdp: ws://127.0.0.1:48626/devtoo..., se:cdpVersion: 85.0, setWindowRect: true, strictFileInteractability: false, timeouts: {implicit: 0, pageLoad: 300000, script: 30000}, unhandledPromptBehavior: dismiss and notify, userAgent: Mozilla/5.0 (Windows NT 10....}&#10;Session ID: 54b3ec1a-fb2e-469f-b6f1-4813e78a6ab0" type="org.openqa.selenium.NoSuchElementException"><![CDATA[org.openqa.selenium.NoSuchElementException: 
Unable to locate element: .styles_loginButton__LWZQp
For documentation on this error, please visit: https://selenium.dev/exceptions/#no_such_element
Build info: version: '4.9.0', revision: 'd7057100a6'
System info: os.name: 'Windows 10', os.arch: 'amd64', os.version: '10.0', java.version: '21.0.1'
Driver info: org.openqa.selenium.firefox.FirefoxDriver
Command: [54b3ec1a-fb2e-469f-b6f1-4813e78a6ab0, findElement {using=css selector, value=.styles_loginButton__LWZQp}]
Capabilities {acceptInsecureCerts: true, browserName: firefox, browserVersion: 125.0.2, moz:accessibilityChecks: false, moz:buildID: 20240419144423, moz:debuggerAddress: 127.0.0.1:48626, moz:geckodriverVersion: 0.31.0, moz:headless: false, moz:platformVersion: 10.0, moz:processID: 1916, moz:profile: C:\Users\Ivan\AppData\Local..., moz:shutdownTimeout: 60000, moz:webdriverClick: true, moz:windowless: false, pageLoadStrategy: normal, platformName: WINDOWS, proxy: Proxy(), se:cdp: ws://127.0.0.1:48626/devtoo..., se:cdpVersion: 85.0, setWindowRect: true, strictFileInteractability: false, timeouts: {implicit: 0, pageLoad: 300000, script: 30000}, unhandledPromptBehavior: dismiss and notify, userAgent: Mozilla/5.0 (Windows NT 10....}
Session ID: 54b3ec1a-fb2e-469f-b6f1-4813e78a6ab0
	at java.base/jdk.internal.reflect.DirectConstructorHandleAccessor.newInstance(DirectConstructorHandleAccessor.java:62)
	at java.base/java.lang.reflect.Constructor.newInstanceWithCaller(Constructor.java:502)
	at java.base/java.lang.reflect.Constructor.newInstance(Constructor.java:486)
	at org.openqa.selenium.remote.codec.w3c.W3CHttpResponseCodec.createException(W3CHttpResponseCodec.java:200)
	at org.openqa.selenium.remote.codec.w3c.W3CHttpResponseCodec.decode(W3CHttpResponseCodec.java:133)
	at org.openqa.selenium.remote.codec.w3c.W3CHttpResponseCodec.decode(W3CHttpResponseCodec.java:53)
	at org.openqa.selenium.remote.HttpCommandExecutor.execute(HttpCommandExecutor.java:193)
	at org.openqa.selenium.remote.service.DriverCommandExecutor.invokeExecute(DriverCommandExecutor.java:183)
	at org.openqa.selenium.remote.service.DriverCommandExecutor.execute(DriverCommandExecutor.java:158)
	at org.openqa.selenium.remote.RemoteWebDriver.execute(RemoteWebDriver.java:543)
	at org.openqa.selenium.remote.ElementLocation$ElementFinder$2.findElement(ElementLocation.java:162)
	at org.openqa.selenium.remote.ElementLocation.findElement(ElementLocation.java:60)
	at org.openqa.selenium.remote.RemoteWebDriver.findElement(RemoteWebDriver.java:352)
	at org.openqa.selenium.remote.RemoteWebDriver.findElement(RemoteWebDriver.java:344)
	at kinopoisk.ru.AccountTests.failedPhoneInput(AccountTests.java:59)
	at java.base/java.lang.reflect.Method.invoke(Method.java:580)
	at java.base/java.util.ArrayList.forEach(ArrayList.java:1596)
	at java.base/java.util.ArrayList.forEach(ArrayList.java:1596)
]]></error>
    <system-err><![CDATA[1713981189083	geckodriver	INFO	Listening on 127.0.0.1:30758
1713981189130	mozrunner::runner	INFO	Running command: "C:\\Program Files\\Mozilla Firefox\\firefox.exe" "--marionette" "--remote-debugging-port" "48626" "--remote-allow-hosts" "localhost" "--remote-allow-origins" "http://127.0.0.1:48626/,http://localhost:48626/,http://[::1]:48626/" "-no-remote" "-profile" "C:\\Users\\Ivan\\AppData\\Local\\Temp\\rust_mozprofilerjq8lp"
console.warn: services.settings: Ignoring preference override of remote settings server
console.warn: services.settings: Allow by setting MOZ_REMOTE_SETTINGS_DEVTOOLS=1 in the environment
Dynamically enable window occlusion 0
1713981189336	Marionette	INFO	Marionette enabled
1713981189387	Marionette	INFO	Listening on port 53647
WebDriver BiDi listening on ws://127.0.0.1:48626
Read port: 53647
1713981189530	RemoteAgent	WARN	TLS certificate errors will be ignored for this session
DevTools listening on ws://127.0.0.1:48626/devtools/browser/51d847e0-56ec-4797-99c0-fb76533e35ad
1713981201366	RemoteAgent	INFO	Perform WebSocket upgrade for incoming connection from 127.0.0.1:53694
1713981201368	CDP	WARN	Support for the Chrome DevTools Protocol (CDP) in Firefox will be deprecated after Firefox 128 (ESR) and will be removed in a later release. CDP users should consider migrating to WebDriver BiDi. See https://bugzilla.mozilla.org/show_bug.cgi?id=1872254
1713981201369	CDP	WARN	Invalid browser preferences for CDP. Set "fission.webContentIsolationStrategy"to 0 and "fission.bfcacheInParent" to false before Firefox starts.
1713981201372	Marionette	INFO	Stopped listening on port 53647
JavaScript warning: https://mc.yandex.ru/metrika/tag.js, line 167: Script terminated by timeout at:
d@https://mc.yandex.ru/metrika/tag.js:167:424

Dynamically enable window occlusion 1
]]></system-err>
  </testcase>
  <testcase name="failedLoginInput" classname="kinopoisk.ru.AccountTests" time="7.244">
    <system-out><![CDATA[Test successful
]]></system-out>
    <system-err><![CDATA[1713981202184	geckodriver	INFO	Listening on 127.0.0.1:25905
1713981202231	mozrunner::runner	INFO	Running command: "C:\\Program Files\\Mozilla Firefox\\firefox.exe" "--marionette" "--remote-debugging-port" "45667" "--remote-allow-hosts" "localhost" "--remote-allow-origins" "http://127.0.0.1:45667/,http://localhost:45667/,http://[::1]:45667/" "-no-remote" "-profile" "C:\\Users\\Ivan\\AppData\\Local\\Temp\\rust_mozprofilewQDRKB"
console.warn: services.settings: Ignoring preference override of remote settings server
console.warn: services.settings: Allow by setting MOZ_REMOTE_SETTINGS_DEVTOOLS=1 in the environment
Dynamically enable window occlusion 0
1713981202432	Marionette	INFO	Marionette enabled
1713981202477	Marionette	INFO	Listening on port 53699
WebDriver BiDi listening on ws://127.0.0.1:45667
Read port: 53699
1713981202595	RemoteAgent	WARN	TLS certificate errors will be ignored for this session
DevTools listening on ws://127.0.0.1:45667/devtools/browser/3a5405ff-df6f-4279-90fb-d0634ddb6e95
1713981204144	Marionette	WARN	Ignoring event 'DOMContentLoaded' because document has an invalid readyState of 'complete'.
1713981204237	Marionette	WARN	Ignoring event 'DOMContentLoaded' because document has an invalid readyState of 'complete'.
console.warn: LoginRecipes: "Falling back to a synchronous message for: https://passport.yandex.ru."
console.warn: LoginRecipes: "Falling back to a synchronous message for: https://passport.yandex.ru."
1713981208578	RemoteAgent	INFO	Perform WebSocket upgrade for incoming connection from 127.0.0.1:53788
1713981208580	CDP	WARN	Support for the Chrome DevTools Protocol (CDP) in Firefox will be deprecated after Firefox 128 (ESR) and will be removed in a later release. CDP users should consider migrating to WebDriver BiDi. See https://bugzilla.mozilla.org/show_bug.cgi?id=1872254
1713981208581	CDP	WARN	Invalid browser preferences for CDP. Set "fission.webContentIsolationStrategy"to 0 and "fission.bfcacheInParent" to false before Firefox starts.
1713981208583	Marionette	INFO	Stopped listening on port 53699
JavaScript warning: https://yastatic.net/react/17.0.2/react-with-dom-and-polyfills.min.js, line 87: Script terminated by timeout at:
he@https://yastatic.net/react/17.0.2/react-with-dom-and-polyfills.min.js:87:11

Dynamically enable window occlusion 1
]]></system-err>
  </testcase>
</testsuite>