<?xml version="1.0" encoding="UTF-8"?>
<testsuite xmlns:xsi="http://www.w3.org/2001/XMLSchema-instance" xsi:noNamespaceSchemaLocation="https://maven.apache.org/surefire/maven-surefire-plugin/xsd/surefire-test-report-3.0.xsd" version="3.0" name="kinopoisk.ru.MainPageTests" time="7.384" tests="1" errors="0" skipped="0" failures="0">
  <properties>
[...]
</properties>
  <testcase name="ticketPurchaseIsWorking" classname="kinopoisk.ru.MainPageTests" time="7.366">
    <system-out><![CDATA[Test successful
]]></system-out>
    <system-err><![CDATA[1713981591783	geckodriver	INFO	Listening on 127.0.0.1:36719
1713981591963	mozrunner::runner	INFO	Running command: "C:\\Program Files\\Mozilla Firefox\\firefox.exe" "--marionette" "--remote-debugging-port" "24343" "--remote-allow-hosts" "localhost" "--remote-allow-origins" "http://127.0.0.1:24343/,http://localhost:24343/,http://[::1]:24343/" "-no-remote" "-profile" "C:\\Users\\Ivan\\AppData\\Local\\Temp\\rust_mozprofileEzB5fo"
console.warn: services.settings: Ignoring preference override of remote settings server
console.warn: services.settings: Allow by setting MOZ_REMOTE_SETTINGS_DEVTOOLS=1 in the environment
Dynamically enable window occlusion 0
1713981592169	Marionette	INFO	Marionette enabled
1713981592214	Marionette	INFO	Listening on port 55273
WebDriver BiDi listening on ws://127.0.0.1:24343
Read port: 55273
1713981592334	RemoteAgent	WARN	TLS certificate errors will be ignored for this session
DevTools listening on ws://127.0.0.1:24343/devtools/browser/47fa9721-75b6-4222-b375-933aad08a1e7
1713981593808	Marionette	WARN	Ignoring event 'DOMContentLoaded' because document has an invalid readyState of 'complete'.
1713981593905	Marionette	WARN	Ignoring event 'DOMContentLoaded' because document has an invalid readyState of 'complete'.
JavaScript warning: https://st6.kp.yandex.net/js/vendors.js?v=e6da5e92fb4e7679000e8cb75997383c, line 5: Using //@ to indicate sourceMappingURL pragmas is deprecated. Use //# instead
1713981597085	RemoteAgent	INFO	Perform WebSocket upgrade for incoming connection from 127.0.0.1:55381
1713981597087	CDP	WARN	Support for the Chrome DevTools Protocol (CDP) in Firefox will be deprecated after Firefox 128 (ESR) and will be removed in a later release. CDP users should consider migrating to WebDriver BiDi. See https://bugzilla.mozilla.org/show_bug.cgi?id=1872254
1713981597087	CDP	WARN	Invalid browser preferences for CDP. Set "fission.webContentIsolationStrategy"to 0 and "fission.bfcacheInParent" to false before Firefox starts.
1713981597111	Marionette	INFO	Stopped listening on port 55273
Dynamically enable window occlusion 1
]]></system-err>
  </testcase>
</testsuite>